TN:
SF:/Users/arthur/Documents/git/hypervideos/public/components/connection-node/connection-node.html
FN:29,(anonymous_1)
FN:32,(anonymous_2)
FN:42,(anonymous_3)
FN:46,(anonymous_4)
FN:50,(anonymous_5)
FN:54,(anonymous_6)
FNF:6
FNH:5
FNDA:1,(anonymous_1)
FNDA:6,(anonymous_2)
FNDA:1,(anonymous_3)
FNDA:0,(anonymous_4)
FNDA:1,(anonymous_5)
FNDA:1,(anonymous_6)
DA:20,4
DA:30,1
DA:33,6
DA:35,4
DA:36,4
DA:38,2
DA:39,2
DA:43,1
DA:44,1
DA:47,0
DA:48,0
DA:51,1
DA:52,1
DA:55,1
DA:56,1
DA:57,1
DA:58,1
LF:17
LH:15
BRDA:33,1,0,4
BRDA:33,1,1,2
BRDA:33,2,0,6
BRDA:33,2,1,4
BRF:4
BRH:4
end_of_record
TN:
SF:/Users/arthur/Documents/git/hypervideos/public/components/tests/connection-node-test.html
FN:28,setUp
FN:34,(anonymous_2)
FN:35,(anonymous_3)
FN:40,(anonymous_4)
FN:47,(anonymous_5)
FN:49,(anonymous_6)
FN:55,(anonymous_7)
FNF:7
FNH:7
FNDA:2,setUp
FNDA:1,(anonymous_2)
FNDA:1,(anonymous_3)
FNDA:1,(anonymous_4)
FNDA:1,(anonymous_5)
FNDA:1,(anonymous_6)
FNDA:1,(anonymous_7)
DA:27,1
DA:28,1
DA:29,2
DA:34,1
DA:35,1
DA:36,1
DA:37,1
DA:38,1
DA:40,1
DA:41,1
DA:42,1
DA:43,1
DA:44,1
DA:45,1
DA:47,1
DA:48,1
DA:49,1
DA:50,1
DA:52,1
DA:53,1
DA:55,1
DA:56,1
DA:57,1
DA:58,1
DA:59,1
DA:60,1
DA:61,1
DA:62,1
DA:63,1
LF:29
LH:29
BRF:0
BRH:0
end_of_record
TN:
SF:/Users/arthur/Documents/git/hypervideos/public/components/subvideo-composer/subvideo-composer.html
FN:141,(anonymous_1)
FN:145,(anonymous_2)
FN:155,(anonymous_3)
FN:161,(anonymous_4)
FN:166,(anonymous_5)
FN:173,(anonymous_6)
FN:177,(anonymous_7)
FN:182,(anonymous_8)
FNF:8
FNH:7
FNDA:1,(anonymous_1)
FNDA:1,(anonymous_2)
FNDA:1,(anonymous_3)
FNDA:1,(anonymous_4)
FNDA:1,(anonymous_5)
FNDA:2,(anonymous_6)
FNDA:0,(anonymous_7)
FNDA:1,(anonymous_8)
DA:116,4
DA:142,1
DA:143,1
DA:146,1
DA:147,1
DA:148,0
DA:151,1
DA:153,1
DA:156,1
DA:157,1
DA:158,1
DA:159,1
DA:162,1
DA:163,1
DA:164,1
DA:167,1
DA:168,1
DA:169,1
DA:170,1
DA:171,1
DA:174,2
DA:175,2
DA:176,1
DA:177,1
DA:178,0
DA:183,1
DA:184,1
DA:185,1
DA:186,1
DA:188,1
DA:189,1
DA:190,1
LF:32
LH:30
BRDA:147,1,0,0
BRDA:147,1,1,1
BRDA:175,2,0,1
BRDA:175,2,1,1
BRDA:185,3,0,1
BRDA:185,3,1,0
BRDA:188,4,0,1
BRDA:188,4,1,0
BRF:8
BRH:5
end_of_record
TN:
SF:/Users/arthur/Documents/git/hypervideos/public/components/question-composer/question-composer.html
FN:104,(anonymous_1)
FN:108,(anonymous_2)
FN:118,(anonymous_3)
FN:125,(anonymous_4)
FN:131,(anonymous_5)
FN:138,(anonymous_6)
FN:143,(anonymous_7)
FN:147,(anonymous_8)
FN:150,(anonymous_9)
FN:164,(anonymous_10)
FNF:10
FNH:9
FNDA:1,(anonymous_1)
FNDA:1,(anonymous_2)
FNDA:8,(anonymous_3)
FNDA:1,(anonymous_4)
FNDA:1,(anonymous_5)
FNDA:1,(anonymous_6)
FNDA:1,(anonymous_7)
FNDA:0,(anonymous_8)
FNDA:1,(anonymous_9)
FNDA:3,(anonymous_10)
DA:79,4
DA:105,1
DA:106,1
DA:109,1
DA:110,1
DA:111,0
DA:114,1
DA:116,1
DA:119,8
DA:120,8
DA:121,7
DA:122,7
DA:126,1
DA:127,1
DA:128,1
DA:129,1
DA:132,1
DA:133,1
DA:134,1
DA:135,1
DA:136,1
DA:139,1
DA:140,1
DA:141,1
DA:144,1
DA:145,1
DA:148,0
DA:151,1
DA:152,1
DA:153,1
DA:154,1
DA:155,1
DA:156,1
DA:157,1
DA:158,1
DA:159,1
DA:160,1
DA:161,0
DA:165,3
DA:166,3
LF:40
LH:37
BRDA:110,1,0,0
BRDA:110,1,1,1
BRDA:120,2,0,7
BRDA:120,2,1,1
BRDA:153,3,0,1
BRDA:153,3,1,0
BRDA:160,4,0,0
BRDA:160,4,1,1
BRF:8
BRH:5
end_of_record
TN:
SF:/Users/arthur/Documents/git/hypervideos/public/components/subvideo-node/subvideo-node.html
FN:86,(anonymous_1)
FN:96,(anonymous_2)
FN:103,(anonymous_3)
FN:107,(anonymous_4)
FN:128,(anonymous_5)
FN:134,(anonymous_6)
FN:141,(anonymous_7)
FN:154,(anonymous_8)
FN:162,(anonymous_9)
FN:168,(anonymous_10)
FN:174,(anonymous_11)
FN:184,(anonymous_12)
FN:187,(anonymous_13)
FN:194,(anonymous_14)
FN:198,(anonymous_15)
FN:205,(anonymous_16)
FN:212,(anonymous_17)
FN:215,(anonymous_18)
FNF:18
FNH:13
FNDA:1,(anonymous_1)
FNDA:3,(anonymous_2)
FNDA:0,(anonymous_3)
FNDA:9,(anonymous_4)
FNDA:1,(anonymous_5)
FNDA:0,(anonymous_6)
FNDA:2,(anonymous_7)
FNDA:2,(anonymous_8)
FNDA:1,(anonymous_9)
FNDA:1,(anonymous_10)
FNDA:0,(anonymous_11)
FNDA:1,(anonymous_12)
FNDA:13,(anonymous_13)
FNDA:1,(anonymous_14)
FNDA:0,(anonymous_15)
FNDA:2,(anonymous_16)
FNDA:0,(anonymous_17)
FNDA:3,(anonymous_18)
DA:59,4
DA:87,1
DA:88,1
DA:89,1
DA:90,1
DA:91,1
DA:92,1
DA:93,1
DA:94,1
DA:97,3
DA:98,3
DA:99,3
DA:100,3
DA:104,0
DA:108,9
DA:109,9
DA:110,5
DA:111,5
DA:112,3
DA:113,2
DA:114,2
DA:118,2
DA:119,2
DA:123,4
DA:124,4
DA:125,4
DA:129,1
DA:135,0
DA:136,0
DA:138,0
DA:142,2
DA:144,1
DA:145,1
DA:147,0
DA:148,0
DA:150,1
DA:151,1
DA:155,2
DA:156,1
DA:158,1
DA:160,2
DA:163,1
DA:164,1
DA:165,0
DA:169,1
DA:170,1
DA:171,0
DA:175,0
DA:177,0
DA:178,0
DA:180,0
DA:182,0
DA:185,1
DA:188,13
DA:189,10
DA:190,10
DA:195,1
DA:196,1
DA:199,0
DA:200,0
DA:201,0
DA:202,0
DA:203,0
DA:206,2
DA:207,2
DA:208,2
DA:209,2
DA:210,2
DA:216,3
DA:217,3
LF:70
LH:52
BRDA:109,1,0,5
BRDA:109,1,1,4
BRDA:111,2,0,3
BRDA:111,2,1,2
BRDA:112,3,0,2
BRDA:112,3,1,1
BRDA:135,4,0,0
BRDA:135,4,1,0
BRDA:142,5,0,1
BRDA:142,5,1,0
BRDA:142,5,2,1
BRDA:155,6,0,1
BRDA:155,6,1,1
BRDA:155,7,0,2
BRDA:155,7,1,1
BRDA:164,8,0,0
BRDA:164,8,1,1
BRDA:170,9,0,0
BRDA:170,9,1,1
BRDA:175,10,0,0
BRDA:175,10,1,0
BRDA:177,11,0,0
BRDA:177,11,1,0
BRDA:178,12,0,0
BRDA:178,12,1,0
BRDA:180,13,0,0
BRDA:180,13,1,0
BRDA:188,14,0,10
BRDA:188,14,1,3
BRDA:199,15,0,0
BRDA:199,15,1,0
BRDA:200,16,0,0
BRDA:200,16,1,0
BRF:33
BRH:16
end_of_record
TN:
SF:/Users/arthur/Documents/git/hypervideos/public/components/question-node/question-node.html
FN:86,(anonymous_1)
FN:96,(anonymous_2)
FN:104,(anonymous_3)
FN:108,(anonymous_4)
FN:129,(anonymous_5)
FN:135,(anonymous_6)
FN:142,(anonymous_7)
FN:155,(anonymous_8)
FN:163,(anonymous_9)
FN:169,(anonymous_10)
FN:175,(anonymous_11)
FN:185,(anonymous_12)
FN:188,(anonymous_13)
FN:195,(anonymous_14)
FN:199,(anonymous_15)
FN:206,(anonymous_16)
FN:213,(anonymous_17)
FN:216,(anonymous_18)
FNF:18
FNH:13
FNDA:1,(anonymous_1)
FNDA:3,(anonymous_2)
FNDA:0,(anonymous_3)
FNDA:9,(anonymous_4)
FNDA:1,(anonymous_5)
FNDA:0,(anonymous_6)
FNDA:2,(anonymous_7)
FNDA:2,(anonymous_8)
FNDA:1,(anonymous_9)
FNDA:1,(anonymous_10)
FNDA:0,(anonymous_11)
FNDA:1,(anonymous_12)
FNDA:16,(anonymous_13)
FNDA:1,(anonymous_14)
FNDA:0,(anonymous_15)
FNDA:2,(anonymous_16)
FNDA:0,(anonymous_17)
FNDA:3,(anonymous_18)
DA:59,4
DA:87,1
DA:88,1
DA:89,1
DA:90,1
DA:91,1
DA:92,1
DA:93,1
DA:94,1
DA:97,3
DA:98,3
DA:100,3
DA:101,3
DA:102,3
DA:105,0
DA:109,9
DA:110,9
DA:111,5
DA:112,5
DA:113,3
DA:114,2
DA:115,2
DA:119,2
DA:120,2
DA:124,4
DA:125,4
DA:126,4
DA:130,1
DA:136,0
DA:137,0
DA:139,0
DA:143,2
DA:145,1
DA:146,1
DA:148,0
DA:149,0
DA:151,1
DA:152,1
DA:156,2
DA:157,1
DA:159,1
DA:161,2
DA:164,1
DA:165,1
DA:166,0
DA:170,1
DA:171,1
DA:172,0
DA:176,0
DA:178,0
DA:179,0
DA:181,0
DA:183,0
DA:186,1
DA:189,16
DA:190,10
DA:191,10
DA:196,1
DA:197,1
DA:200,0
DA:201,0
DA:202,0
DA:203,0
DA:204,0
DA:207,2
DA:208,2
DA:209,2
DA:210,2
DA:211,2
DA:217,3
DA:218,3
LF:71
LH:53
BRDA:110,1,0,5
BRDA:110,1,1,4
BRDA:112,2,0,3
BRDA:112,2,1,2
BRDA:113,3,0,2
BRDA:113,3,1,1
BRDA:136,4,0,0
BRDA:136,4,1,0
BRDA:143,5,0,1
BRDA:143,5,1,0
BRDA:143,5,2,1
BRDA:156,6,0,1
BRDA:156,6,1,1
BRDA:156,7,0,2
BRDA:156,7,1,1
BRDA:165,8,0,0
BRDA:165,8,1,1
BRDA:171,9,0,0
BRDA:171,9,1,1
BRDA:176,10,0,0
BRDA:176,10,1,0
BRDA:178,11,0,0
BRDA:178,11,1,0
BRDA:179,12,0,0
BRDA:179,12,1,0
BRDA:181,13,0,0
BRDA:181,13,1,0
BRDA:189,14,0,10
BRDA:189,14,1,6
BRDA:200,15,0,0
BRDA:200,15,1,0
BRDA:201,16,0,0
BRDA:201,16,1,0
BRF:33
BRH:16
end_of_record
TN:
SF:/Users/arthur/Documents/git/hypervideos/public/components/hypervideo-composer-area/hypervideo-composer-area.html
FN:183,(anonymous_1)
FN:189,(anonymous_2)
FN:195,(anonymous_3)
FN:222,(anonymous_4)
FN:230,(anonymous_5)
FN:234,(anonymous_6)
FN:237,(anonymous_7)
FN:240,(anonymous_8)
FN:244,(anonymous_9)
FN:247,(anonymous_10)
FN:256,(anonymous_11)
FN:259,(anonymous_12)
FN:266,(anonymous_13)
FN:271,(anonymous_14)
FN:308,(anonymous_15)
FN:313,(anonymous_16)
FN:322,(anonymous_17)
FN:329,(anonymous_18)
FN:339,(anonymous_19)
FN:371,(anonymous_20)
FN:375,(anonymous_21)
FN:381,(anonymous_22)
FN:394,(anonymous_23)
FN:398,(anonymous_24)
FN:400,(anonymous_25)
FN:403,(anonymous_26)
FN:408,(anonymous_27)
FN:414,(anonymous_28)
FNF:28
FNH:17
FNDA:4,(anonymous_1)
FNDA:4,(anonymous_2)
FNDA:4,(anonymous_3)
FNDA:4,(anonymous_4)
FNDA:1,(anonymous_5)
FNDA:0,(anonymous_6)
FNDA:0,(anonymous_7)
FNDA:1,(anonymous_8)
FNDA:0,(anonymous_9)
FNDA:5,(anonymous_10)
FNDA:5,(anonymous_11)
FNDA:0,(anonymous_12)
FNDA:1,(anonymous_13)
FNDA:1,(anonymous_14)
FNDA:2,(anonymous_15)
FNDA:2,(anonymous_16)
FNDA:1,(anonymous_17)
FNDA:0,(anonymous_18)
FNDA:1,(anonymous_19)
FNDA:0,(anonymous_20)
FNDA:0,(anonymous_21)
FNDA:2,(anonymous_22)
FNDA:0,(anonymous_23)
FNDA:2,(anonymous_24)
FNDA:2,(anonymous_25)
FNDA:0,(anonymous_26)
FNDA:0,(anonymous_27)
FNDA:0,(anonymous_28)
DA:177,3
DA:184,4
DA:190,4
DA:196,4
DA:223,4
DA:224,4
DA:225,4
DA:226,4
DA:227,4
DA:231,1
DA:232,1
DA:235,0
DA:238,0
DA:241,1
DA:242,1
DA:248,5
DA:249,5
DA:250,5
DA:251,5
DA:252,2
DA:253,2
DA:257,5
DA:258,5
DA:259,1
DA:260,0
DA:263,4
DA:267,1
DA:268,1
DA:272,1
DA:273,1
DA:274,1
DA:276,1
DA:277,1
DA:284,1
DA:285,1
DA:294,1
DA:295,1
DA:296,1
DA:297,1
DA:299,1
DA:300,1
DA:301,1
DA:302,1
DA:303,1
DA:304,1
DA:305,1
DA:306,1
DA:309,2
DA:310,2
DA:311,2
DA:314,2
DA:315,2
DA:316,2
DA:320,2
DA:323,1
DA:324,1
DA:325,0
DA:326,0
DA:327,0
DA:328,0
DA:329,0
DA:330,0
DA:332,0
DA:333,0
DA:335,0
DA:337,1
DA:340,1
DA:341,1
DA:342,1
DA:343,1
DA:344,1
DA:345,1
DA:346,1
DA:347,1
DA:348,1
DA:349,1
DA:350,1
DA:351,1
DA:352,0
DA:354,0
DA:355,0
DA:356,0
DA:357,0
DA:358,0
DA:359,0
DA:360,0
DA:361,0
DA:362,0
DA:363,0
DA:364,0
DA:365,0
DA:368,1
DA:369,1
DA:372,0
DA:373,0
DA:376,0
DA:377,0
DA:378,0
DA:382,2
DA:383,2
DA:384,2
DA:385,2
DA:386,1
DA:388,1
DA:391,0
DA:395,0
DA:396,0
DA:399,2
DA:400,2
DA:401,2
DA:403,2
DA:404,0
DA:409,0
DA:410,0
DA:411,0
DA:412,0
DA:415,0
DA:416,0
DA:417,0
DA:418,0
DA:419,0
DA:420,0
DA:421,0
DA:422,0
DA:423,0
LF:125
LH:78
BRDA:258,1,0,1
BRDA:258,1,1,4
BRDA:324,2,0,0
BRDA:324,2,1,1
BRDA:327,3,0,0
BRDA:327,3,1,0
BRDA:356,4,0,0
BRDA:356,4,1,0
BRDA:356,5,0,0
BRDA:356,5,1,0
BRDA:384,6,0,2
BRDA:384,6,1,0
BRDA:385,7,0,1
BRDA:385,7,1,1
BRDA:421,8,0,0
BRDA:421,8,1,0
BRF:16
BRH:6
end_of_record
TN:
SF:/Users/arthur/Documents/git/hypervideos/public/components/tests/hypervideo-composer-area-test.html
FN:29,setUp
FN:34,(anonymous_2)
FN:35,(anonymous_3)
FN:48,(anonymous_4)
FN:51,(anonymous_5)
FN:57,(anonymous_6)
FN:59,(anonymous_7)
FN:65,(anonymous_8)
FN:67,(anonymous_9)
FN:73,(anonymous_10)
FNF:10
FNH:10
FNDA:1,setUp
FNDA:1,(anonymous_2)
FNDA:1,(anonymous_3)
FNDA:1,(anonymous_4)
FNDA:1,(anonymous_5)
FNDA:1,(anonymous_6)
FNDA:1,(anonymous_7)
FNDA:1,(anonymous_8)
FNDA:1,(anonymous_9)
FNDA:1,(anonymous_10)
DA:27,1
DA:29,1
DA:30,1
DA:34,1
DA:35,1
DA:36,1
DA:37,1
DA:42,1
DA:43,1
DA:44,1
DA:45,1
DA:46,1
DA:48,1
DA:49,1
DA:50,1
DA:51,1
DA:52,1
DA:54,1
DA:55,1
DA:57,1
DA:58,1
DA:59,1
DA:60,1
DA:62,1
DA:63,1
DA:65,1
DA:66,1
DA:67,1
DA:68,1
DA:70,1
DA:71,1
DA:73,1
DA:74,1
DA:75,1
DA:76,1
DA:78,1
LF:36
LH:36
BRF:0
BRH:0
end_of_record
TN:
SF:/Users/arthur/Documents/git/hypervideos/public/components/hypervideo-node/hypervideo-node.html
FN:196,(anonymous_1)
FN:208,(anonymous_2)
FN:222,(anonymous_3)
FN:244,(anonymous_4)
FN:250,(anonymous_5)
FN:257,(anonymous_6)
FN:270,(anonymous_7)
FN:277,(anonymous_8)
FN:280,(anonymous_9)
FN:283,(anonymous_10)
FN:290,(anonymous_11)
FN:297,(anonymous_12)
FN:302,(anonymous_13)
FN:307,(anonymous_14)
FN:317,(anonymous_15)
FN:320,(anonymous_16)
FN:328,(anonymous_17)
FN:332,(anonymous_18)
FN:339,(anonymous_19)
FN:349,(anonymous_20)
FN:364,(anonymous_21)
FN:368,(anonymous_22)
FN:372,(anonymous_23)
FNF:23
FNH:19
FNDA:1,(anonymous_1)
FNDA:3,(anonymous_2)
FNDA:6,(anonymous_3)
FNDA:1,(anonymous_4)
FNDA:0,(anonymous_5)
FNDA:2,(anonymous_6)
FNDA:2,(anonymous_7)
FNDA:2,(anonymous_8)
FNDA:1,(anonymous_9)
FNDA:1,(anonymous_10)
FNDA:1,(anonymous_11)
FNDA:1,(anonymous_12)
FNDA:1,(anonymous_13)
FNDA:0,(anonymous_14)
FNDA:1,(anonymous_15)
FNDA:19,(anonymous_16)
FNDA:1,(anonymous_17)
FNDA:0,(anonymous_18)
FNDA:2,(anonymous_19)
FNDA:4,(anonymous_20)
FNDA:1,(anonymous_21)
FNDA:0,(anonymous_22)
FNDA:5,(anonymous_23)
DA:163,2
DA:197,1
DA:198,0
DA:201,1
DA:202,1
DA:204,1
DA:205,1
DA:206,1
DA:209,3
DA:210,3
DA:211,3
DA:212,0
DA:213,0
DA:215,3
DA:216,3
DA:217,3
DA:219,3
DA:223,6
DA:224,6
DA:225,4
DA:226,4
DA:227,4
DA:228,2
DA:229,2
DA:230,2
DA:234,2
DA:235,2
DA:239,2
DA:240,2
DA:241,2
DA:245,1
DA:251,0
DA:252,0
DA:254,0
DA:258,2
DA:260,1
DA:261,1
DA:263,0
DA:264,0
DA:266,1
DA:267,1
DA:271,2
DA:272,1
DA:274,1
DA:278,2
DA:281,1
DA:284,1
DA:285,1
DA:287,0
DA:291,1
DA:292,1
DA:294,0
DA:298,1
DA:299,1
DA:300,1
DA:303,1
DA:304,1
DA:305,1
DA:308,0
DA:309,0
DA:310,0
DA:311,0
DA:312,0
DA:313,0
DA:314,0
DA:315,0
DA:318,1
DA:321,19
DA:322,13
DA:323,13
DA:324,13
DA:329,1
DA:330,1
DA:333,0
DA:334,0
DA:335,0
DA:336,0
DA:337,0
DA:340,2
DA:341,2
DA:342,2
DA:343,2
DA:345,2
DA:346,2
DA:347,2
DA:350,4
DA:351,4
DA:352,4
DA:353,4
DA:355,0
DA:356,0
DA:357,0
DA:360,0
DA:361,0
DA:365,1
DA:366,1
DA:369,0
DA:370,0
DA:373,5
DA:374,5
LF:100
LH:70
BRDA:197,1,0,0
BRDA:197,1,1,1
BRDA:211,2,0,0
BRDA:211,2,1,3
BRDA:224,3,0,4
BRDA:224,3,1,2
BRDA:227,4,0,2
BRDA:227,4,1,2
BRDA:228,5,0,2
BRDA:228,5,1,0
BRDA:251,6,0,0
BRDA:251,6,1,0
BRDA:258,7,0,1
BRDA:258,7,1,0
BRDA:258,7,2,1
BRDA:271,8,0,1
BRDA:271,8,1,1
BRDA:271,9,0,2
BRDA:271,9,1,1
BRDA:285,10,0,0
BRDA:285,10,1,1
BRDA:285,11,0,1
BRDA:285,11,1,0
BRDA:292,12,0,0
BRDA:292,12,1,1
BRDA:292,13,0,1
BRDA:292,13,1,0
BRDA:311,14,0,0
BRDA:311,14,1,0
BRDA:312,15,0,0
BRDA:312,15,1,0
BRDA:313,16,0,0
BRDA:313,16,1,0
BRDA:314,17,0,0
BRDA:314,17,1,0
BRDA:321,18,0,13
BRDA:321,18,1,6
BRDA:333,19,0,0
BRDA:333,19,1,0
BRDA:334,20,0,0
BRDA:334,20,1,0
BRDA:350,21,0,4
BRDA:350,21,1,0
BRDA:355,22,0,0
BRDA:355,22,1,0
BRF:45
BRH:20
end_of_record
TN:
SF:/Users/arthur/Documents/git/hypervideos/public/components/tests/hypervideo-node-test.html
FN:40,setUp
FN:55,(anonymous_2)
FN:56,(anonymous_3)
FN:61,(anonymous_4)
FN:65,(anonymous_5)
FN:72,(anonymous_6)
FN:75,(anonymous_7)
FN:81,(anonymous_8)
FN:83,(anonymous_9)
FN:89,(anonymous_10)
FN:96,(anonymous_11)
FN:103,(anonymous_12)
FN:110,(anonymous_13)
FN:116,(anonymous_14)
FN:122,(anonymous_15)
FN:128,(anonymous_16)
FN:134,(anonymous_17)
FN:140,(anonymous_18)
FN:145,(anonymous_19)
FN:160,(anonymous_20)
FNF:20
FNH:20
FNDA:13,setUp
FNDA:1,(anonymous_2)
FNDA:1,(anonymous_3)
FNDA:1,(anonymous_4)
FNDA:1,(anonymous_5)
FNDA:1,(anonymous_6)
FNDA:2,(anonymous_7)
FNDA:1,(anonymous_8)
FNDA:1,(anonymous_9)
FNDA:1,(anonymous_10)
FNDA:1,(anonymous_11)
FNDA:1,(anonymous_12)
FNDA:1,(anonymous_13)
FNDA:1,(anonymous_14)
FNDA:1,(anonymous_15)
FNDA:1,(anonymous_16)
FNDA:1,(anonymous_17)
FNDA:1,(anonymous_18)
FNDA:1,(anonymous_19)
FNDA:1,(anonymous_20)
DA:30,1
DA:31,1
DA:32,1
DA:38,1
DA:40,1
DA:41,13
DA:42,13
DA:52,13
DA:53,13
DA:55,1
DA:56,1
DA:57,1
DA:58,1
DA:59,1
DA:61,1
DA:62,1
DA:63,1
DA:65,1
DA:66,1
DA:68,1
DA:69,1
DA:70,1
DA:72,1
DA:73,1
DA:74,1
DA:75,1
DA:76,2
DA:78,1
DA:79,1
DA:81,1
DA:82,1
DA:83,1
DA:84,1
DA:86,1
DA:87,1
DA:89,1
DA:90,1
DA:91,1
DA:92,1
DA:93,1
DA:94,1
DA:96,1
DA:97,1
DA:98,1
DA:99,1
DA:100,1
DA:101,1
DA:103,1
DA:104,1
DA:105,1
DA:106,1
DA:107,1
DA:108,1
DA:110,1
DA:111,1
DA:112,1
DA:113,1
DA:114,1
DA:116,1
DA:117,1
DA:118,1
DA:119,1
DA:120,1
DA:122,1
DA:123,1
DA:124,1
DA:125,1
DA:126,1
DA:128,1
DA:129,1
DA:130,1
DA:131,1
DA:132,1
DA:134,1
DA:135,1
DA:136,1
DA:137,1
DA:138,1
DA:140,1
DA:141,1
DA:142,1
DA:143,1
DA:145,1
DA:146,1
DA:147,1
DA:150,1
DA:151,1
DA:152,1
DA:153,1
DA:155,1
DA:156,1
DA:157,1
DA:158,1
DA:160,1
DA:161,1
DA:162,1
DA:167,1
DA:168,1
DA:170,1
DA:171,1
DA:172,1
LF:101
LH:101
BRF:0
BRH:0
end_of_record
TN:
SF:/Users/arthur/Documents/git/hypervideos/public/components/tests/question-composer-test.html
FN:30,setUp
FN:33,(anonymous_2)
FN:34,(anonymous_3)
FN:39,(anonymous_4)
FN:45,(anonymous_5)
FN:52,(anonymous_6)
FN:58,(anonymous_7)
FN:65,(anonymous_8)
FN:71,(anonymous_9)
FNF:9
FNH:9
FNDA:6,setUp
FNDA:1,(anonymous_2)
FNDA:1,(anonymous_3)
FNDA:1,(anonymous_4)
FNDA:1,(anonymous_5)
FNDA:1,(anonymous_6)
FNDA:1,(anonymous_7)
FNDA:1,(anonymous_8)
FNDA:1,(anonymous_9)
DA:28,1
DA:30,1
DA:31,6
DA:33,1
DA:34,1
DA:35,1
DA:36,1
DA:37,1
DA:39,1
DA:40,1
DA:41,1
DA:42,1
DA:43,1
DA:45,1
DA:46,1
DA:47,1
DA:48,1
DA:49,1
DA:50,1
DA:52,1
DA:53,1
DA:54,1
DA:55,1
DA:56,1
DA:58,1
DA:59,1
DA:60,1
DA:61,1
DA:62,1
DA:63,1
DA:65,1
DA:66,1
DA:67,1
DA:68,1
DA:69,1
DA:71,1
DA:72,1
DA:73,1
DA:74,1
LF:39
LH:39
BRF:0
BRH:0
end_of_record
TN:
SF:/Users/arthur/Documents/git/hypervideos/public/components/tests/question-node-test.html
FN:37,setUp
FN:51,(anonymous_2)
FN:52,(anonymous_3)
FN:57,(anonymous_4)
FN:61,(anonymous_5)
FN:68,(anonymous_6)
FN:71,(anonymous_7)
FN:77,(anonymous_8)
FN:79,(anonymous_9)
FN:85,(anonymous_10)
FN:92,(anonymous_11)
FN:99,(anonymous_12)
FN:106,(anonymous_13)
FN:112,(anonymous_14)
FN:118,(anonymous_15)
FN:124,(anonymous_16)
FN:135,(anonymous_17)
FNF:17
FNH:17
FNDA:10,setUp
FNDA:1,(anonymous_2)
FNDA:1,(anonymous_3)
FNDA:1,(anonymous_4)
FNDA:1,(anonymous_5)
FNDA:1,(anonymous_6)
FNDA:2,(anonymous_7)
FNDA:1,(anonymous_8)
FNDA:1,(anonymous_9)
FNDA:1,(anonymous_10)
FNDA:1,(anonymous_11)
FNDA:1,(anonymous_12)
FNDA:1,(anonymous_13)
FNDA:1,(anonymous_14)
FNDA:1,(anonymous_15)
FNDA:1,(anonymous_16)
FNDA:1,(anonymous_17)
DA:28,1
DA:29,1
DA:35,1
DA:37,1
DA:38,10
DA:39,10
DA:48,10
DA:49,10
DA:51,1
DA:52,1
DA:53,1
DA:54,1
DA:55,1
DA:57,1
DA:58,1
DA:59,1
DA:61,1
DA:62,1
DA:64,1
DA:65,1
DA:66,1
DA:68,1
DA:69,1
DA:70,1
DA:71,1
DA:72,2
DA:74,1
DA:75,1
DA:77,1
DA:78,1
DA:79,1
DA:80,1
DA:82,1
DA:83,1
DA:85,1
DA:86,1
DA:87,1
DA:88,1
DA:89,1
DA:90,1
DA:92,1
DA:93,1
DA:94,1
DA:95,1
DA:96,1
DA:97,1
DA:99,1
DA:100,1
DA:101,1
DA:102,1
DA:103,1
DA:104,1
DA:106,1
DA:107,1
DA:108,1
DA:109,1
DA:110,1
DA:112,1
DA:113,1
DA:114,1
DA:115,1
DA:116,1
DA:118,1
DA:119,1
DA:120,1
DA:121,1
DA:122,1
DA:124,1
DA:125,1
DA:126,1
DA:129,1
DA:130,1
DA:132,1
DA:133,1
DA:135,1
DA:136,1
DA:137,1
DA:142,1
DA:143,1
DA:145,1
DA:146,1
DA:147,1
LF:82
LH:82
BRF:0
BRH:0
end_of_record
TN:
SF:/Users/arthur/Documents/git/hypervideos/public/components/question-node/question-preview.html
FN:73,(anonymous_1)
FN:75,(anonymous_2)
FN:77,(anonymous_3)
FN:79,(anonymous_4)
FN:84,(anonymous_5)
FNF:5
FNH:2
FNDA:1,(anonymous_1)
FNDA:0,(anonymous_2)
FNDA:0,(anonymous_3)
FNDA:3,(anonymous_4)
FNDA:0,(anonymous_5)
DA:59,1
DA:80,3
DA:81,2
DA:85,0
LF:4
LH:3
BRDA:80,1,0,2
BRDA:80,1,1,1
BRF:2
BRH:2
end_of_record
TN:
SF:/Users/arthur/Documents/git/hypervideos/public/components/tests/question-preview-test.html
FN:29,setUp
FN:39,(anonymous_2)
FN:40,(anonymous_3)
FN:44,(anonymous_4)
FNF:4
FNH:4
FNDA:2,setUp
FNDA:1,(anonymous_2)
FNDA:1,(anonymous_3)
FNDA:1,(anonymous_4)
DA:28,1
DA:29,1
DA:30,2
DA:39,1
DA:40,1
DA:41,1
DA:42,1
DA:44,1
DA:45,1
DA:46,1
LF:10
LH:10
BRF:0
BRH:0
end_of_record
TN:
SF:/Users/arthur/Documents/git/hypervideos/public/components/hypervideo-node/hypervideo-preview.html
FN:37,(anonymous_1)
FN:40,(anonymous_2)
FN:48,(anonymous_3)
FN:52,(anonymous_4)
FNF:4
FNH:0
FNDA:0,(anonymous_1)
FNDA:0,(anonymous_2)
FNDA:0,(anonymous_3)
FNDA:0,(anonymous_4)
DA:29,1
DA:38,0
DA:41,0
DA:42,0
DA:43,0
DA:44,0
DA:45,0
DA:46,0
DA:49,0
DA:50,0
DA:53,0
LF:11
LH:1
BRF:0
BRH:0
end_of_record
TN:
SF:/Users/arthur/Documents/git/hypervideos/public/components/grid-container/grid-container.html
FN:32,(anonymous_1)
FN:38,(anonymous_2)
FN:40,(anonymous_3)
FN:48,(anonymous_4)
FN:53,(anonymous_5)
FN:62,(anonymous_6)
FN:74,(anonymous_7)
FN:87,(anonymous_8)
FN:93,(anonymous_9)
FNF:9
FNH:8
FNDA:2,(anonymous_1)
FNDA:1,(anonymous_2)
FNDA:1,(anonymous_3)
FNDA:0,(anonymous_4)
FNDA:1,(anonymous_5)
FNDA:1,(anonymous_6)
FNDA:6,(anonymous_7)
FNDA:2,(anonymous_8)
FNDA:1,(anonymous_9)
DA:12,2
DA:33,2
DA:34,2
DA:35,1
DA:39,1
DA:40,1
DA:41,1
DA:43,1
DA:44,1
DA:45,1
DA:46,1
DA:49,0
DA:50,0
DA:51,0
DA:54,1
DA:55,1
DA:56,1
DA:57,1
DA:58,1
DA:59,1
DA:60,1
DA:63,1
DA:64,1
DA:65,1
DA:66,1
DA:67,1
DA:75,6
DA:76,6
DA:77,6
DA:78,6
DA:80,6
DA:81,6
DA:82,0
DA:83,0
DA:84,0
DA:88,2
DA:89,2
DA:90,2
DA:91,2
DA:94,1
DA:95,1
DA:96,0
LF:42
LH:35
BRDA:34,1,0,1
BRDA:34,1,1,1
BRDA:76,2,0,6
BRDA:76,2,1,0
BRF:4
BRH:3
end_of_record
TN:
SF:/Users/arthur/Documents/git/hypervideos/public/components/subject-preview/subject-preview.html
FN:76,(anonymous_1)
FN:86,(anonymous_2)
FN:91,(anonymous_3)
FN:104,(anonymous_4)
FN:108,(anonymous_5)
FN:119,(anonymous_6)
FN:150,(anonymous_7)
FNF:7
FNH:6
FNDA:1,(anonymous_1)
FNDA:1,(anonymous_2)
FNDA:1,(anonymous_3)
FNDA:1,(anonymous_4)
FNDA:3,(anonymous_5)
FNDA:2,(anonymous_6)
FNDA:0,(anonymous_7)
DA:67,1
DA:77,1
DA:87,1
DA:88,1
DA:89,1
DA:92,1
DA:93,1
DA:94,1
DA:95,1
DA:96,1
DA:97,0
DA:98,0
DA:99,0
DA:101,1
DA:105,1
DA:106,1
DA:109,3
DA:110,3
DA:111,3
DA:117,3
DA:120,2
DA:121,2
DA:122,0
DA:123,0
DA:124,0
DA:125,0
DA:126,0
DA:127,0
DA:128,0
DA:130,0
DA:131,0
DA:132,0
DA:133,0
DA:134,0
DA:135,0
DA:136,0
DA:137,0
DA:138,0
DA:139,0
DA:140,0
DA:141,0
DA:142,0
DA:143,0
DA:146,0
DA:147,0
DA:151,0
DA:152,0
LF:47
LH:19
BRDA:93,1,0,1
BRDA:93,1,1,0
BRDA:121,2,0,0
BRDA:121,2,1,2
BRDA:135,3,0,0
BRDA:135,3,1,0
BRDA:135,4,0,0
BRDA:135,4,1,0
BRF:8
BRH:2
end_of_record
TN:
SF:/Users/arthur/Documents/git/hypervideos/public/components/subject-box/subject-box.html
FN:74,(anonymous_1)
FN:89,(anonymous_2)
FN:93,(anonymous_3)
FN:99,(anonymous_4)
FN:102,(anonymous_5)
FN:106,(anonymous_6)
FN:110,(anonymous_7)
FNF:7
FNH:4
FNDA:1,(anonymous_1)
FNDA:1,(anonymous_2)
FNDA:4,(anonymous_3)
FNDA:0,(anonymous_4)
FNDA:0,(anonymous_5)
FNDA:0,(anonymous_6)
FNDA:1,(anonymous_7)
DA:64,1
DA:75,1
DA:90,1
DA:91,1
DA:94,4
DA:95,4
DA:96,2
DA:100,0
DA:103,0
DA:104,0
DA:107,0
DA:108,0
DA:111,1
LF:13
LH:8
BRDA:95,1,0,2
BRDA:95,1,1,2
BRF:2
BRH:2
end_of_record
TN:
SF:/Users/arthur/Documents/git/hypervideos/public/components/tests/subject-box-test.html
FN:29,setUp
FN:37,(anonymous_2)
FN:38,(anonymous_3)
FN:40,(anonymous_4)
FN:46,(anonymous_5)
FNF:5
FNH:5
FNDA:2,setUp
FNDA:1,(anonymous_2)
FNDA:1,(anonymous_3)
FNDA:2,(anonymous_4)
FNDA:1,(anonymous_5)
DA:28,1
DA:29,1
DA:30,2
DA:37,1
DA:38,1
DA:39,1
DA:40,1
DA:41,2
DA:43,1
DA:44,1
DA:46,1
DA:47,1
DA:48,1
LF:13
LH:13
BRF:0
BRH:0
end_of_record
TN:
SF:/Users/arthur/Documents/git/hypervideos/public/components/subject-composer-area/subject-composer-area.html
FN:212,(anonymous_1)
FN:215,(anonymous_2)
FN:224,(anonymous_3)
FN:232,(anonymous_4)
FN:240,(anonymous_5)
FN:250,(anonymous_6)
FN:258,(anonymous_7)
FN:267,(anonymous_8)
FN:269,(anonymous_9)
FN:276,(anonymous_10)
FN:282,(anonymous_11)
FN:291,(anonymous_12)
FN:299,(anonymous_13)
FN:304,(anonymous_14)
FN:311,(anonymous_15)
FN:329,(anonymous_16)
FN:342,(anonymous_17)
FN:349,(anonymous_18)
FN:360,(anonymous_19)
FN:390,(anonymous_20)
FN:394,(anonymous_21)
FN:408,(anonymous_22)
FN:413,(anonymous_23)
FN:417,(anonymous_24)
FN:421,(anonymous_25)
FN:426,(anonymous_26)
FN:428,(anonymous_27)
FN:431,(anonymous_28)
FN:434,(anonymous_29)
FN:439,(anonymous_30)
FN:445,(anonymous_31)
FN:458,(anonymous_32)
FN:469,(anonymous_33)
FN:472,(anonymous_34)
FN:484,(anonymous_35)
FN:489,(anonymous_36)
FN:508,(anonymous_37)
FN:516,(anonymous_38)
FN:528,(anonymous_39)
FN:530,(anonymous_40)
FNF:40
FNH:19
FNDA:1,(anonymous_1)
FNDA:1,(anonymous_2)
FNDA:1,(anonymous_3)
FNDA:0,(anonymous_4)
FNDA:0,(anonymous_5)
FNDA:1,(anonymous_6)
FNDA:2,(anonymous_7)
FNDA:2,(anonymous_8)
FNDA:0,(anonymous_9)
FNDA:1,(anonymous_10)
FNDA:0,(anonymous_11)
FNDA:0,(anonymous_12)
FNDA:2,(anonymous_13)
FNDA:0,(anonymous_14)
FNDA:1,(anonymous_15)
FNDA:1,(anonymous_16)
FNDA:0,(anonymous_17)
FNDA:0,(anonymous_18)
FNDA:5,(anonymous_19)
FNDA:4,(anonymous_20)
FNDA:0,(anonymous_21)
FNDA:0,(anonymous_22)
FNDA:0,(anonymous_23)
FNDA:0,(anonymous_24)
FNDA:0,(anonymous_25)
FNDA:1,(anonymous_26)
FNDA:0,(anonymous_27)
FNDA:0,(anonymous_28)
FNDA:0,(anonymous_29)
FNDA:0,(anonymous_30)
FNDA:0,(anonymous_31)
FNDA:2,(anonymous_32)
FNDA:1,(anonymous_33)
FNDA:2,(anonymous_34)
FNDA:1,(anonymous_35)
FNDA:1,(anonymous_36)
FNDA:1,(anonymous_37)
FNDA:0,(anonymous_38)
FNDA:0,(anonymous_39)
FNDA:0,(anonymous_40)
DA:157,1
DA:213,1
DA:214,1
DA:215,1
DA:216,1
DA:225,1
DA:226,1
DA:227,0
DA:233,0
DA:234,0
DA:235,0
DA:241,0
DA:242,0
DA:243,0
DA:251,1
DA:252,1
DA:253,1
DA:255,1
DA:256,1
DA:259,2
DA:261,2
DA:262,2
DA:263,0
DA:264,0
DA:268,2
DA:269,2
DA:270,0
DA:272,2
DA:273,1
DA:277,1
DA:278,1
DA:279,0
DA:283,0
DA:284,0
DA:285,0
DA:286,0
DA:287,0
DA:289,0
DA:292,0
DA:293,0
DA:294,0
DA:295,0
DA:297,0
DA:300,2
DA:301,2
DA:302,2
DA:305,0
DA:306,0
DA:312,1
DA:314,1
DA:316,1
DA:317,1
DA:318,1
DA:325,1
DA:326,1
DA:327,1
DA:330,1
DA:331,1
DA:332,1
DA:333,0
DA:335,1
DA:336,1
DA:337,1
DA:339,1
DA:343,0
DA:344,0
DA:345,0
DA:346,0
DA:347,0
DA:348,0
DA:349,0
DA:350,0
DA:352,0
DA:353,0
DA:354,0
DA:356,0
DA:358,0
DA:361,5
DA:362,5
DA:363,5
DA:364,5
DA:365,5
DA:366,5
DA:367,5
DA:368,5
DA:369,5
DA:370,5
DA:371,0
DA:373,0
DA:374,0
DA:375,0
DA:376,0
DA:377,0
DA:378,0
DA:379,0
DA:380,0
DA:381,0
DA:382,0
DA:383,0
DA:384,0
DA:387,5
DA:388,5
DA:391,4
DA:395,0
DA:396,0
DA:398,0
DA:399,0
DA:400,0
DA:402,0
DA:405,0
DA:409,0
DA:410,0
DA:411,0
DA:414,0
DA:415,0
DA:418,0
DA:419,0
DA:422,0
DA:423,0
DA:424,0
DA:427,1
DA:428,1
DA:429,0
DA:431,1
DA:432,0
DA:434,1
DA:435,0
DA:440,0
DA:441,0
DA:442,0
DA:443,0
DA:446,0
DA:447,0
DA:448,0
DA:449,0
DA:450,0
DA:451,0
DA:452,0
DA:453,0
DA:454,0
DA:459,2
DA:460,2
DA:461,2
DA:467,2
DA:470,1
DA:473,2
DA:474,2
DA:475,2
DA:476,1
DA:477,1
DA:479,1
DA:482,2
DA:485,1
DA:486,1
DA:487,1
DA:490,1
DA:494,1
DA:495,1
DA:496,1
DA:497,1
DA:498,0
DA:499,0
DA:501,1
DA:502,0
DA:503,0
DA:505,1
DA:506,1
DA:509,1
DA:511,1
DA:512,0
DA:513,0
DA:514,0
DA:515,0
DA:516,0
DA:517,0
DA:523,0
DA:524,0
DA:525,0
DA:526,0
DA:528,0
DA:529,0
DA:530,0
DA:531,0
DA:533,0
DA:534,0
LF:185
LH:81
BRDA:226,1,0,0
BRDA:226,1,1,1
BRDA:234,2,0,0
BRDA:234,2,1,0
BRDA:242,3,0,0
BRDA:242,3,1,0
BRDA:252,4,0,1
BRDA:252,4,1,0
BRDA:252,5,0,1
BRDA:252,5,1,1
BRDA:272,6,0,1
BRDA:272,6,1,1
BRDA:278,7,0,0
BRDA:278,7,1,1
BRDA:284,8,0,0
BRDA:284,8,1,0
BRDA:293,9,0,0
BRDA:293,9,1,0
BRDA:331,10,0,1
BRDA:331,10,1,0
BRDA:332,11,0,0
BRDA:332,11,1,1
BRDA:335,12,0,1
BRDA:335,12,1,0
BRDA:344,13,0,0
BRDA:344,13,1,0
BRDA:347,14,0,0
BRDA:347,14,1,0
BRDA:375,15,0,0
BRDA:375,15,1,0
BRDA:375,16,0,0
BRDA:375,16,1,0
BRDA:398,17,0,0
BRDA:398,17,1,0
BRDA:399,18,0,0
BRDA:399,18,1,0
BRDA:452,19,0,0
BRDA:452,19,1,0
BRDA:475,20,0,1
BRDA:475,20,1,1
BRDA:511,21,0,0
BRDA:511,21,1,1
BRF:42
BRH:13
end_of_record
TN:
SF:/Users/arthur/Documents/git/hypervideos/public/components/tests/subject-composer-area-test.html
FN:28,(anonymous_1)
FN:29,(anonymous_2)
FN:31,(anonymous_3)
FN:37,(anonymous_4)
FN:39,(anonymous_5)
FN:45,(anonymous_6)
FN:49,(anonymous_7)
FN:56,(anonymous_8)
FN:65,(anonymous_9)
FNF:9
FNH:9
FNDA:1,(anonymous_1)
FNDA:1,(anonymous_2)
FNDA:1,(anonymous_3)
FNDA:1,(anonymous_4)
FNDA:1,(anonymous_5)
FNDA:1,(anonymous_6)
FNDA:1,(anonymous_7)
FNDA:1,(anonymous_8)
FNDA:1,(anonymous_9)
DA:26,1
DA:28,1
DA:29,1
DA:30,1
DA:31,1
DA:32,1
DA:34,1
DA:35,1
DA:37,1
DA:38,1
DA:39,1
DA:40,1
DA:42,1
DA:43,1
DA:45,1
DA:46,1
DA:47,1
DA:48,1
DA:49,1
DA:50,1
DA:52,1
DA:53,1
DA:54,1
DA:56,1
DA:57,1
DA:58,1
DA:64,1
DA:65,1
DA:66,1
DA:67,1
DA:71,1
DA:72,1
LF:32
LH:32
BRF:0
BRH:0
end_of_record
TN:
SF:/Users/arthur/Documents/git/hypervideos/public/components/tests/subvideo-composer-test.html
FN:30,setUp
FN:33,(anonymous_2)
FN:41,(anonymous_3)
FN:42,(anonymous_4)
FN:47,(anonymous_5)
FN:52,(anonymous_6)
FN:59,(anonymous_7)
FN:65,(anonymous_8)
FNF:8
FNH:8
FNDA:4,setUp
FNDA:1,(anonymous_2)
FNDA:1,(anonymous_3)
FNDA:1,(anonymous_4)
FNDA:1,(anonymous_5)
FNDA:1,(anonymous_6)
FNDA:1,(anonymous_7)
FNDA:1,(anonymous_8)
DA:28,1
DA:30,1
DA:31,4
DA:34,1
DA:37,4
DA:41,1
DA:42,1
DA:43,1
DA:44,1
DA:45,1
DA:47,1
DA:48,1
DA:49,1
DA:50,1
DA:52,1
DA:53,1
DA:54,1
DA:55,1
DA:56,1
DA:57,1
DA:59,1
DA:60,1
DA:61,1
DA:62,1
DA:63,1
DA:65,1
DA:66,1
DA:67,1
DA:68,1
DA:69,1
DA:70,1
LF:31
LH:31
BRF:0
BRH:0
end_of_record
TN:
SF:/Users/arthur/Documents/git/hypervideos/public/components/tests/subvideo-node-test.html
FN:37,setUp
FN:51,(anonymous_2)
FN:52,(anonymous_3)
FN:57,(anonymous_4)
FN:61,(anonymous_5)
FN:68,(anonymous_6)
FN:71,(anonymous_7)
FN:77,(anonymous_8)
FN:79,(anonymous_9)
FN:85,(anonymous_10)
FN:92,(anonymous_11)
FN:99,(anonymous_12)
FN:106,(anonymous_13)
FN:112,(anonymous_14)
FN:118,(anonymous_15)
FN:124,(anonymous_16)
FN:135,(anonymous_17)
FNF:17
FNH:17
FNDA:10,setUp
FNDA:1,(anonymous_2)
FNDA:1,(anonymous_3)
FNDA:1,(anonymous_4)
FNDA:1,(anonymous_5)
FNDA:1,(anonymous_6)
FNDA:2,(anonymous_7)
FNDA:1,(anonymous_8)
FNDA:1,(anonymous_9)
FNDA:1,(anonymous_10)
FNDA:1,(anonymous_11)
FNDA:1,(anonymous_12)
FNDA:1,(anonymous_13)
FNDA:1,(anonymous_14)
FNDA:1,(anonymous_15)
FNDA:1,(anonymous_16)
FNDA:1,(anonymous_17)
DA:28,1
DA:29,1
DA:35,1
DA:37,1
DA:38,10
DA:39,10
DA:48,10
DA:49,10
DA:51,1
DA:52,1
DA:53,1
DA:54,1
DA:55,1
DA:57,1
DA:58,1
DA:59,1
DA:61,1
DA:62,1
DA:64,1
DA:65,1
DA:66,1
DA:68,1
DA:69,1
DA:70,1
DA:71,1
DA:72,2
DA:74,1
DA:75,1
DA:77,1
DA:78,1
DA:79,1
DA:80,1
DA:82,1
DA:83,1
DA:85,1
DA:86,1
DA:87,1
DA:88,1
DA:89,1
DA:90,1
DA:92,1
DA:93,1
DA:94,1
DA:95,1
DA:96,1
DA:97,1
DA:99,1
DA:100,1
DA:101,1
DA:102,1
DA:103,1
DA:104,1
DA:106,1
DA:107,1
DA:108,1
DA:109,1
DA:110,1
DA:112,1
DA:113,1
DA:114,1
DA:115,1
DA:116,1
DA:118,1
DA:119,1
DA:120,1
DA:121,1
DA:122,1
DA:124,1
DA:125,1
DA:126,1
DA:129,1
DA:130,1
DA:132,1
DA:133,1
DA:135,1
DA:136,1
DA:137,1
DA:142,1
DA:143,1
DA:145,1
DA:146,1
DA:147,1
LF:82
LH:82
BRF:0
BRH:0
end_of_record
TN:
SF:/Users/arthur/Documents/git/hypervideos/public/components/subvideo-node/subvideo-preview.html
FN:67,(anonymous_1)
FN:70,(anonymous_2)
FN:74,(anonymous_3)
FN:78,(anonymous_4)
FN:83,(anonymous_5)
FNF:5
FNH:2
FNDA:1,(anonymous_1)
FNDA:0,(anonymous_2)
FNDA:0,(anonymous_3)
FNDA:3,(anonymous_4)
FNDA:0,(anonymous_5)
DA:56,1
DA:68,1
DA:71,0
DA:72,0
DA:75,0
DA:76,0
DA:79,3
DA:80,2
DA:84,0
LF:9
LH:4
BRDA:79,1,0,2
BRDA:79,1,1,1
BRF:2
BRH:2
end_of_record
TN:
SF:/Users/arthur/Documents/git/hypervideos/public/components/tests/subvideo-preview-test.html
FN:29,setUp
FN:38,(anonymous_2)
FN:39,(anonymous_3)
FN:43,(anonymous_4)
FNF:4
FNH:4
FNDA:2,setUp
FNDA:1,(anonymous_2)
FNDA:1,(anonymous_3)
FNDA:1,(anonymous_4)
DA:28,1
DA:29,1
DA:30,2
DA:38,1
DA:39,1
DA:40,1
DA:41,1
DA:43,1
DA:44,1
DA:45,1
LF:10
LH:10
BRF:0
BRH:0
end_of_record
